<?xml version="1.0" encoding="UTF-8"?>
<testng-results ignored="0" total="1" passed="0" failed="1" skipped="0">
  <reporter-output>
  </reporter-output>
  <suite started-at="2020-04-21T22:24:33 GMT-04:00" name="Suite" finished-at="2020-04-21T22:24:36 GMT-04:00" duration-ms="2676">
    <groups>
    </groups>
    <test started-at="2020-04-21T22:24:33 GMT-04:00" name="Test" finished-at="2020-04-21T22:24:36 GMT-04:00" duration-ms="2676">
      <class name="checkerpackage.CheckProductStock">
        <test-method is-config="true" signature="launchBrowser()[pri:0, instance:checkerpackage.CheckProductStock@4c6e276e]" started-at="2020-04-21T22:24:33 GMT-04:00" name="launchBrowser" finished-at="2020-04-21T22:24:36 GMT-04:00" duration-ms="2420" status="PASS">
          <reporter-output>
          </reporter-output>
        </test-method> <!-- launchBrowser -->
        <test-method signature="checkIfProductIsOOS()[pri:0, instance:checkerpackage.CheckProductStock@4c6e276e]" started-at="2020-04-21T22:24:36 GMT-04:00" name="checkIfProductIsOOS" finished-at="2020-04-21T22:24:36 GMT-04:00" duration-ms="107" status="FAIL">
          <exception class="java.lang.AssertionError">
            <message>
              <![CDATA[did not expect to find [OUT OF STOCK] but found [OUT OF STOCK]]]>
            </message>
            <full-stacktrace>
              <![CDATA[java.lang.AssertionError: did not expect to find [OUT OF STOCK] but found [OUT OF STOCK]
at org.testng.Assert.fail(Assert.java:97)
at org.testng.Assert.assertNotEquals(Assert.java:1401)
at org.testng.Assert.assertNotEquals(Assert.java:1406)
at checkerpackage.CheckProductStock.checkIfProductIsOOS(CheckProductStock.java:33)
at java.base/jdk.internal.reflect.NativeMethodAccessorImpl.invoke0(Native Method)
at java.base/jdk.internal.reflect.NativeMethodAccessorImpl.invoke(NativeMethodAccessorImpl.java:62)
at java.base/jdk.internal.reflect.DelegatingMethodAccessorImpl.invoke(DelegatingMethodAccessorImpl.java:43)
at java.base/java.lang.reflect.Method.invoke(Method.java:567)
at org.testng.internal.MethodInvocationHelper.invokeMethod(MethodInvocationHelper.java:133)
at org.testng.internal.TestInvoker.invokeMethod(TestInvoker.java:584)
at org.testng.internal.TestInvoker.invokeTestMethod(TestInvoker.java:172)
at org.testng.internal.MethodRunner.runInSequence(MethodRunner.java:46)
at org.testng.internal.TestInvoker$MethodInvocationAgent.invoke(TestInvoker.java:804)
at org.testng.internal.TestInvoker.invokeTestMethods(TestInvoker.java:145)
at org.testng.internal.TestMethodWorker.invokeTestMethods(TestMethodWorker.java:146)
at org.testng.internal.TestMethodWorker.run(TestMethodWorker.java:128)
at java.base/java.util.concurrent.ThreadPoolExecutor.runWorker(ThreadPoolExecutor.java:1128)
at java.base/java.util.concurrent.ThreadPoolExecutor$Worker.run(ThreadPoolExecutor.java:628)
at java.base/java.lang.Thread.run(Thread.java:830)
]]>
            </full-stacktrace>
          </exception> <!-- java.lang.AssertionError -->
          <reporter-output>
          </reporter-output>
        </test-method> <!-- checkIfProductIsOOS -->
        <test-method is-config="true" signature="terminateBrowser()[pri:0, instance:checkerpackage.CheckProductStock@4c6e276e]" started-at="2020-04-21T22:24:36 GMT-04:00" name="terminateBrowser" finished-at="2020-04-21T22:24:36 GMT-04:00" duration-ms="131" status="PASS">
          <reporter-output>
          </reporter-output>
        </test-method> <!-- terminateBrowser -->
      </class> <!-- checkerpackage.CheckProductStock -->
    </test> <!-- Test -->
  </suite> <!-- Suite -->
</testng-results>
